TN:
SF:middleware/auth.js
FN:2,(anonymous_0)
FN:18,(anonymous_1)
FNF:2
FNH:1
FNDA:3,(anonymous_0)
FNDA:0,(anonymous_1)
DA:2,1
DA:3,3
DA:5,3
DA:6,1
DA:10,2
DA:11,1
DA:12,1
DA:14,1
DA:18,1
DA:19,0
DA:20,0
DA:22,0
DA:26,1
LF:13
LH:10
BRDA:5,0,0,1
BRDA:5,0,1,2
BRDA:10,1,0,1
BRDA:10,1,1,1
BRDA:19,2,0,0
BRDA:19,2,1,0
BRDA:19,3,0,0
BRDA:19,3,1,0
BRF:8
BRH:4
end_of_record
TN:
SF:utils/helpers.js
FN:2,(anonymous_0)
FN:9,(anonymous_1)
FN:10,(anonymous_2)
FN:13,(anonymous_3)
FNF:4
FNH:4
FNDA:3,(anonymous_0)
FNDA:2,(anonymous_1)
FNDA:2,(anonymous_2)
FNDA:3,(anonymous_3)
DA:2,1
DA:4,3
DA:5,3
DA:6,3
DA:9,1
DA:10,2
DA:13,1
DA:14,3
DA:15,1
DA:17,2
DA:18,1
DA:20,1
DA:23,1
LF:13
LH:13
BRDA:14,0,0,1
BRDA:14,0,1,2
BRDA:14,1,0,3
BRDA:14,1,1,3
BRDA:17,2,0,1
BRDA:17,2,1,1
BRDA:17,3,0,2
BRDA:17,3,1,2
BRF:8
BRH:8
end_of_record
